<?xml version="1.0" encoding="UTF-8"?>
<!-- Generated by org.testng.reporters.JUnitReportReporter -->
<testsuite hostname="Jim" name="com.joy.mercury.selenium.MavenDemo" tests="1" failures="0" timestamp="7 Apr 2018 13:29:18 GMT" time="0.007" errors="0">
  <testcase name="First" time="0.007" classname="com.joy.mercury.selenium.MavenDemo"/>
</testsuite>
