<?xml version="1.0" encoding="UTF-8"?>
<!-- Generated by org.testng.reporters.JUnitReportReporter -->
<testsuite name="com.qa.Tests.PHPLoginTest" tests="2" time="22.613" ignored="0" failures="0" timestamp="26 May 2018 13:44:45 GMT" skipped="0" hostname="Jim" errors="0">
  <testcase name="login" time="12.070" classname="com.qa.Tests.PHPLoginTest"/>
  <testcase name="ForgotPassword" time="10.543" classname="com.qa.Tests.PHPLoginTest"/>
</testsuite> <!-- com.qa.Tests.PHPLoginTest -->
