<?xml version="1.0" encoding="UTF-8"?>
<!-- Generated by org.testng.reporters.JUnitReportReporter -->
<testsuite hostname="Jim" name="com.qa.Tests.PHPHomePageTest" tests="2" failures="0" timestamp="26 May 2018 13:26:08 GMT" time="34.461" errors="0">
  <testcase name="ProductAdOns" time="13.905" classname="com.qa.Tests.PHPHomePageTest"/>
  <testcase name="OrderNewServices" time="20.556" classname="com.qa.Tests.PHPHomePageTest"/>
</testsuite> <!-- com.qa.Tests.PHPHomePageTest -->
