<?xml version="1.0" encoding="UTF-8"?>
<!-- Generated by org.testng.reporters.JUnitReportReporter -->
<testsuite name="com.qa.Tests.PHPLoginTest" tests="2" time="14.037" ignored="0" failures="0" timestamp="02 Jun 2018 06:07:59 GMT" skipped="1" hostname="Jim" errors="0">
  <testcase name="ForgotPassword" time="14.037" classname="com.qa.Tests.PHPLoginTest"/>
  <testcase name="login" time="0.000" classname="com.qa.Tests.PHPLoginTest">
    <skipped/>
  </testcase> <!-- login -->
</testsuite> <!-- com.qa.Tests.PHPLoginTest -->
